<?xml version="1.0" encoding="UTF-8"?>
<testng-results ignored="0" total="1" passed="0" failed="1" skipped="0">
  <reporter-output>
  </reporter-output>
  <suite started-at="2023-11-06T17:02:59Z" name="Default suite" finished-at="2023-11-06T17:03:05Z" duration-ms="5831">
    <groups>
    </groups>
    <test started-at="2023-11-06T17:02:59Z" name="Default test" finished-at="2023-11-06T17:03:05Z" duration-ms="5831">
      <class name="orangehrm.testcases.EmployeeRegTest">
        <test-method is-config="true" signature="launchApp()[pri:0, instance:orangehrm.testcases.EmployeeRegTest@57a78e3]" started-at="2023-11-06T17:02:49Z" name="launchApp" finished-at="2023-11-06T17:02:59Z" duration-ms="9402" status="PASS">
          <reporter-output>
          </reporter-output>
        </test-method> <!-- launchApp -->
        <test-method is-config="true" signature="adminLogin()[pri:0, instance:orangehrm.testcases.EmployeeRegTest@57a78e3]" started-at="2023-11-06T17:02:59Z" name="adminLogin" finished-at="2023-11-06T17:03:04Z" duration-ms="4969" status="PASS">
          <reporter-output>
          </reporter-output>
        </test-method> <!-- adminLogin -->
        <test-method signature="checkEmpReg(java.lang.String, java.lang.String)[pri:0, instance:orangehrm.testcases.EmployeeRegTest@57a78e3]" started-at="2023-11-06T17:03:04Z" name="checkEmpReg" finished-at="2023-11-06T17:03:04Z" duration-ms="0" status="FAIL">
          <exception class="org.testng.TestNGException">
            <message>
              <![CDATA[
Parameter 'fname' is required by @Test on method checkEmpReg but has not been marked @Optional or defined
in C:\Users\Lenovo\AppData\Local\Temp\testng-eclipse-1811986943\testng-customsuite.xml]]>
            </message>
            <full-stacktrace>
              <![CDATA[org.testng.TestNGException: 
Parameter 'fname' is required by @Test on method checkEmpReg but has not been marked @Optional or defined
in C:\Users\Lenovo\AppData\Local\Temp\testng-eclipse-1811986943\testng-customsuite.xml
at org.testng.internal.Parameters.createParams(Parameters.java:290)
at org.testng.internal.Parameters.createParametersForMethod(Parameters.java:359)
at org.testng.internal.Parameters.createParameters(Parameters.java:620)
at org.testng.internal.Parameters.handleParameters(Parameters.java:769)
at org.testng.internal.ParameterHandler.handleParameters(ParameterHandler.java:49)
at org.testng.internal.ParameterHandler.createParameters(ParameterHandler.java:37)
at org.testng.internal.Invoker.invokeTestMethods(Invoker.java:924)
at org.testng.internal.TestMethodWorker.invokeTestMethods(TestMethodWorker.java:125)
at org.testng.internal.TestMethodWorker.run(TestMethodWorker.java:109)
at org.testng.TestRunner.privateRun(TestRunner.java:648)
at org.testng.TestRunner.run(TestRunner.java:505)
at org.testng.SuiteRunner.runTest(SuiteRunner.java:455)
at org.testng.SuiteRunner.runSequentially(SuiteRunner.java:450)
at org.testng.SuiteRunner.privateRun(SuiteRunner.java:415)
at org.testng.SuiteRunner.run(SuiteRunner.java:364)
at org.testng.SuiteRunnerWorker.runSuite(SuiteRunnerWorker.java:52)
at org.testng.SuiteRunnerWorker.run(SuiteRunnerWorker.java:84)
at org.testng.TestNG.runSuitesSequentially(TestNG.java:1208)
at org.testng.TestNG.runSuitesLocally(TestNG.java:1137)
at org.testng.TestNG.runSuites(TestNG.java:1049)
at org.testng.TestNG.run(TestNG.java:1017)
at org.testng.remote.AbstractRemoteTestNG.run(AbstractRemoteTestNG.java:115)
at org.testng.remote.RemoteTestNG.initAndRun(RemoteTestNG.java:251)
at org.testng.remote.RemoteTestNG.main(RemoteTestNG.java:77)
]]>
            </full-stacktrace>
          </exception> <!-- org.testng.TestNGException -->
          <reporter-output>
          </reporter-output>
        </test-method> <!-- checkEmpReg -->
        <test-method is-config="true" signature="adminLogout()[pri:0, instance:orangehrm.testcases.EmployeeRegTest@57a78e3]" started-at="2023-11-06T17:03:04Z" name="adminLogout" finished-at="2023-11-06T17:03:05Z" duration-ms="795" status="PASS">
          <reporter-output>
          </reporter-output>
        </test-method> <!-- adminLogout -->
        <test-method is-config="true" signature="closeApp()[pri:0, instance:orangehrm.testcases.EmployeeRegTest@57a78e3]" started-at="2023-11-06T17:03:05Z" name="closeApp" finished-at="2023-11-06T17:03:06Z" duration-ms="554" status="PASS">
          <reporter-output>
          </reporter-output>
        </test-method> <!-- closeApp -->
      </class> <!-- orangehrm.testcases.EmployeeRegTest -->
    </test> <!-- Default test -->
  </suite> <!-- Default suite -->
</testng-results>
