<?xml version="1.0" encoding="UTF-8"?>
<testng-results ignored="0" total="1" passed="1" failed="0" skipped="0">
  <reporter-output>
  </reporter-output>
  <suite started-at="2023-11-10T07:04:59Z" name="Default suite" finished-at="2023-11-10T07:05:05Z" duration-ms="6185">
    <groups>
    </groups>
    <test started-at="2023-11-10T07:04:59Z" name="Default test" finished-at="2023-11-10T07:05:05Z" duration-ms="6185">
      <class name="orangehrm.testcases.AdminLoginTestwithValidInputs">
        <test-method is-config="true" signature="launchApp()[pri:0, instance:orangehrm.testcases.AdminLoginTestwithValidInputs@7e057f43]" started-at="2023-11-10T07:04:50Z" name="launchApp" finished-at="2023-11-10T07:04:59Z" duration-ms="9206" status="PASS">
          <reporter-output>
          </reporter-output>
        </test-method> <!-- launchApp -->
        <test-method signature="checkAdminLogin()[pri:0, instance:orangehrm.testcases.AdminLoginTestwithValidInputs@7e057f43]" started-at="2023-11-10T07:04:59Z" name="checkAdminLogin" finished-at="2023-11-10T07:05:05Z" duration-ms="6146" status="PASS">
          <reporter-output>
          </reporter-output>
        </test-method> <!-- checkAdminLogin -->
        <test-method is-config="true" signature="closeApp()[pri:0, instance:orangehrm.testcases.AdminLoginTestwithValidInputs@7e057f43]" started-at="2023-11-10T07:05:05Z" name="closeApp" finished-at="2023-11-10T07:05:05Z" duration-ms="219" status="PASS">
          <reporter-output>
          </reporter-output>
        </test-method> <!-- closeApp -->
      </class> <!-- orangehrm.testcases.AdminLoginTestwithValidInputs -->
    </test> <!-- Default test -->
  </suite> <!-- Default suite -->
</testng-results>
