<?xml version="1.0" encoding="UTF-8"?>
<testng-results ignored="0" total="1" passed="1" failed="0" skipped="0">
  <reporter-output>
  </reporter-output>
  <suite started-at="2023-11-26T14:39:54Z" name="Default suite" finished-at="2023-11-26T14:40:11Z" duration-ms="16322">
    <groups>
    </groups>
    <test started-at="2023-11-26T14:39:54Z" name="Default test" finished-at="2023-11-26T14:40:11Z" duration-ms="16322">
      <class name="orangehrm.testcases.OrangeHRM_HybridTest">
        <test-method is-config="true" signature="launchApp()[pri:0, instance:orangehrm.testcases.OrangeHRM_HybridTest@6c284af]" started-at="2023-11-26T14:39:46Z" name="launchApp" finished-at="2023-11-26T14:39:54Z" duration-ms="7984" status="PASS">
          <reporter-output>
          </reporter-output>
        </test-method> <!-- launchApp -->
        <test-method signature="checkOrangeHRM()[pri:0, instance:orangehrm.testcases.OrangeHRM_HybridTest@6c284af]" started-at="2023-11-26T14:39:54Z" name="checkOrangeHRM" finished-at="2023-11-26T14:40:11Z" duration-ms="16286" status="PASS">
          <reporter-output>
          </reporter-output>
        </test-method> <!-- checkOrangeHRM -->
        <test-method is-config="true" signature="closeApp()[pri:0, instance:orangehrm.testcases.OrangeHRM_HybridTest@6c284af]" started-at="2023-11-26T14:40:11Z" name="closeApp" finished-at="2023-11-26T14:40:11Z" duration-ms="475" status="PASS">
          <reporter-output>
          </reporter-output>
        </test-method> <!-- closeApp -->
      </class> <!-- orangehrm.testcases.OrangeHRM_HybridTest -->
    </test> <!-- Default test -->
  </suite> <!-- Default suite -->
</testng-results>
